Symlinking /home/jinyuan/project_sfc/devel/include/vicon_env/Ellipse.h
Symlinking /home/jinyuan/project_sfc/devel/include/vicon_env/Point3d.h
Symlinking /home/jinyuan/project_sfc/devel/include/vicon_env/Circle.h
Symlinking /home/jinyuan/project_sfc/devel/include/vicon_env/Point2d.h
Symlinking /home/jinyuan/project_sfc/devel/include/vicon_env/Cylinder.h
Symlinking /home/jinyuan/project_sfc/devel/include/vicon_env/Polyhedron.h
Symlinking /home/jinyuan/project_sfc/devel/include/vicon_env/Polygon.h
Symlinking /home/jinyuan/project_sfc/devel/include/vicon_env/SemanticArray.h
Symlinking /home/jinyuan/project_sfc/devel/share/roseus/ros/vicon_env/manifest.l
Symlinking /home/jinyuan/project_sfc/devel/share/roseus/ros/vicon_env/msg/Circle.l
Symlinking /home/jinyuan/project_sfc/devel/share/roseus/ros/vicon_env/msg/Ellipse.l
Symlinking /home/jinyuan/project_sfc/devel/share/roseus/ros/vicon_env/msg/Point2d.l
Symlinking /home/jinyuan/project_sfc/devel/share/roseus/ros/vicon_env/msg/Polygon.l
Symlinking /home/jinyuan/project_sfc/devel/share/roseus/ros/vicon_env/msg/Point3d.l
Symlinking /home/jinyuan/project_sfc/devel/share/roseus/ros/vicon_env/msg/Cylinder.l
Symlinking /home/jinyuan/project_sfc/devel/share/roseus/ros/vicon_env/msg/SemanticArray.l
Symlinking /home/jinyuan/project_sfc/devel/share/roseus/ros/vicon_env/msg/Polyhedron.l
Symlinking /home/jinyuan/project_sfc/devel/share/vicon_env/cmake/vicon_envConfig.cmake
Symlinking /home/jinyuan/project_sfc/devel/share/vicon_env/cmake/vicon_envConfig-version.cmake
Symlinking /home/jinyuan/project_sfc/devel/share/vicon_env/cmake/vicon_env-msg-paths.cmake
Symlinking /home/jinyuan/project_sfc/devel/share/vicon_env/cmake/vicon_env-msg-extras.cmake
Symlinking /home/jinyuan/project_sfc/devel/share/common-lisp/ros/vicon_env/msg/_package_Ellipse.lisp
Symlinking /home/jinyuan/project_sfc/devel/share/common-lisp/ros/vicon_env/msg/_package_Cylinder.lisp
Symlinking /home/jinyuan/project_sfc/devel/share/common-lisp/ros/vicon_env/msg/_package_Polygon.lisp
Symlinking /home/jinyuan/project_sfc/devel/share/common-lisp/ros/vicon_env/msg/_package_Circle.lisp
Symlinking /home/jinyuan/project_sfc/devel/share/common-lisp/ros/vicon_env/msg/Cylinder.lisp
Symlinking /home/jinyuan/project_sfc/devel/share/common-lisp/ros/vicon_env/msg/Point2d.lisp
Symlinking /home/jinyuan/project_sfc/devel/share/common-lisp/ros/vicon_env/msg/Circle.lisp
Symlinking /home/jinyuan/project_sfc/devel/share/common-lisp/ros/vicon_env/msg/Ellipse.lisp
Symlinking /home/jinyuan/project_sfc/devel/share/common-lisp/ros/vicon_env/msg/Polyhedron.lisp
Symlinking /home/jinyuan/project_sfc/devel/share/common-lisp/ros/vicon_env/msg/_package_Point2d.lisp
Symlinking /home/jinyuan/project_sfc/devel/share/common-lisp/ros/vicon_env/msg/_package.lisp
Symlinking /home/jinyuan/project_sfc/devel/share/common-lisp/ros/vicon_env/msg/vicon_env-msg.asd
Symlinking /home/jinyuan/project_sfc/devel/share/common-lisp/ros/vicon_env/msg/Point3d.lisp
Symlinking /home/jinyuan/project_sfc/devel/share/common-lisp/ros/vicon_env/msg/_package_SemanticArray.lisp
Symlinking /home/jinyuan/project_sfc/devel/share/common-lisp/ros/vicon_env/msg/_package_Point3d.lisp
Symlinking /home/jinyuan/project_sfc/devel/share/common-lisp/ros/vicon_env/msg/Polygon.lisp
Symlinking /home/jinyuan/project_sfc/devel/share/common-lisp/ros/vicon_env/msg/SemanticArray.lisp
Symlinking /home/jinyuan/project_sfc/devel/share/common-lisp/ros/vicon_env/msg/_package_Polyhedron.lisp
Symlinking /home/jinyuan/project_sfc/devel/share/gennodejs/ros/vicon_env/_index.js
Symlinking /home/jinyuan/project_sfc/devel/share/gennodejs/ros/vicon_env/msg/SemanticArray.js
Symlinking /home/jinyuan/project_sfc/devel/share/gennodejs/ros/vicon_env/msg/Polygon.js
Symlinking /home/jinyuan/project_sfc/devel/share/gennodejs/ros/vicon_env/msg/Ellipse.js
Symlinking /home/jinyuan/project_sfc/devel/share/gennodejs/ros/vicon_env/msg/Point2d.js
Symlinking /home/jinyuan/project_sfc/devel/share/gennodejs/ros/vicon_env/msg/Cylinder.js
Symlinking /home/jinyuan/project_sfc/devel/share/gennodejs/ros/vicon_env/msg/Point3d.js
Symlinking /home/jinyuan/project_sfc/devel/share/gennodejs/ros/vicon_env/msg/Polyhedron.js
Symlinking /home/jinyuan/project_sfc/devel/share/gennodejs/ros/vicon_env/msg/Circle.js
Symlinking /home/jinyuan/project_sfc/devel/share/gennodejs/ros/vicon_env/msg/_index.js
Symlinking /home/jinyuan/project_sfc/devel/lib/pkgconfig/vicon_env.pc
Symlinking /home/jinyuan/project_sfc/devel/lib/vicon_env/vicon_map3d
Symlinking /home/jinyuan/project_sfc/devel/lib/vicon_env/vicon_map2d
Symlinking /home/jinyuan/project_sfc/devel/lib/python3/dist-packages/vicon_env/__init__.py
Symlinking /home/jinyuan/project_sfc/devel/lib/python3/dist-packages/vicon_env/msg/_Circle.py
Symlinking /home/jinyuan/project_sfc/devel/lib/python3/dist-packages/vicon_env/msg/_SemanticArray.py
Symlinking /home/jinyuan/project_sfc/devel/lib/python3/dist-packages/vicon_env/msg/_Point3d.py
Symlinking /home/jinyuan/project_sfc/devel/lib/python3/dist-packages/vicon_env/msg/_Polyhedron.py
Symlinking /home/jinyuan/project_sfc/devel/lib/python3/dist-packages/vicon_env/msg/_Point2d.py
Symlinking /home/jinyuan/project_sfc/devel/lib/python3/dist-packages/vicon_env/msg/_Ellipse.py
Symlinking /home/jinyuan/project_sfc/devel/lib/python3/dist-packages/vicon_env/msg/_Cylinder.py
Symlinking /home/jinyuan/project_sfc/devel/lib/python3/dist-packages/vicon_env/msg/__init__.py
Symlinking /home/jinyuan/project_sfc/devel/lib/python3/dist-packages/vicon_env/msg/_Polygon.py
